[22:51:38] [main/WARN]: Ambiguity between arguments [teleport, destination] and [teleport, targets] with inputs: [Player, 0123, @e, dd12be42-52a9-4a91-a8a1-11c01849e498]
[22:51:38] [main/WARN]: Ambiguity between arguments [teleport, location] and [teleport, destination] with inputs: [0.1 -0.5 .9, 0 0 0]
[22:51:38] [main/WARN]: Ambiguity between arguments [teleport, location] and [teleport, targets] with inputs: [0.1 -0.5 .9, 0 0 0]
[22:51:38] [main/WARN]: Ambiguity between arguments [teleport, targets] and [teleport, destination] with inputs: [Player, 0123, dd12be42-52a9-4a91-a8a1-11c01849e498]
[22:51:38] [main/WARN]: Ambiguity between arguments [teleport, targets, location] and [teleport, targets, destination] with inputs: [0.1 -0.5 .9, 0 0 0]
[22:51:38] [main/INFO]: Loaded 0 recipes
[22:51:38] [main/INFO]: Loaded 0 advancements
[22:51:38] [Server thread/INFO]: Starting minecraft server version 1.13.2
[22:51:38] [Server thread/INFO]: Loading properties
[22:51:38] [Server thread/INFO]: Default game type: SURVIVAL
[22:51:38] [Server thread/INFO]: Generating keypair
[22:51:38] [Server thread/INFO]: Starting Minecraft server on *:4000
[22:51:38] [Server thread/INFO]: Using default channel type
[22:51:39] [Server thread/INFO]: Preparing level "world"
[22:51:39] [Server thread/INFO]: Reloading ResourceManager: Default
[22:51:40] [Server thread/INFO]: Loaded 524 recipes
[22:51:41] [Server thread/INFO]: Loaded 571 advancements
[22:51:41] [Server thread/INFO]: Preparing start region for dimension minecraft:overworld
[22:51:41] [Server thread/INFO]: Preparing spawn area: 4%
[22:51:41] [Server thread/INFO]: Preparing spawn area: 8%
[22:51:41] [Server thread/INFO]: Preparing spawn area: 12%
[22:51:41] [Server thread/INFO]: Preparing spawn area: 16%
[22:51:41] [Server thread/INFO]: Preparing spawn area: 20%
[22:51:41] [Server thread/INFO]: Preparing spawn area: 24%
[22:51:41] [Server thread/INFO]: Preparing spawn area: 28%
[22:51:41] [Server thread/INFO]: Preparing spawn area: 32%
[22:51:42] [Server thread/INFO]: Preparing spawn area: 36%
[22:51:42] [Server thread/INFO]: Preparing spawn area: 40%
[22:51:43] [Server thread/INFO]: Preparing spawn area: 44%
[22:51:43] [Server thread/INFO]: Preparing spawn area: 48%
[22:51:43] [Server thread/INFO]: Preparing spawn area: 52%
[22:51:43] [Server thread/INFO]: Preparing spawn area: 56%
[22:51:43] [Server thread/INFO]: Preparing spawn area: 60%
[22:51:43] [Server thread/INFO]: Preparing spawn area: 64%
[22:51:43] [Server thread/INFO]: Preparing spawn area: 68%
[22:51:43] [Server thread/INFO]: Preparing spawn area: 72%
[22:51:43] [Server thread/INFO]: Preparing spawn area: 76%
[22:51:43] [Server thread/INFO]: Preparing spawn area: 80%
[22:51:43] [Server thread/INFO]: Preparing spawn area: 84%
[22:51:43] [Server thread/INFO]: Preparing spawn area: 88%
[22:51:43] [Server thread/INFO]: Preparing spawn area: 92%
[22:51:43] [Server thread/INFO]: Preparing spawn area: 96%
[22:51:43] [Server thread/INFO]: Preparing spawn area: 100%
[22:51:43] [Server thread/INFO]: Time elapsed: 2510 ms
[22:51:43] [Server thread/INFO]: Done (4.656s)! For help, type "help"
[22:51:43] [Server thread/INFO]: Starting GS4 status listener
[22:51:43] [Query Listener #1/INFO]: Query running on 0.0.0.0:4000
[22:52:46] [Server thread/INFO]: Unknown command
[22:52:46] [Server thread/INFO]: '":' + port + ' "'stop<--[HERE]
[22:52:54] [Server thread/INFO]: Stopping the server
[22:52:54] [Server thread/INFO]: Stopping server
[22:52:54] [Server thread/INFO]: Saving players
[22:52:54] [Server thread/INFO]: Saving worlds
[22:52:54] [Server thread/INFO]: Saving chunks for level 'world'/minecraft:overworld
[22:52:54] [Server thread/INFO]: Saving chunks for level 'world'/minecraft:the_end
[22:52:54] [Server thread/INFO]: Saving chunks for level 'world'/minecraft:the_nether
[22:52:54] [Server Shutdown Thread/INFO]: Stopping server
[22:52:54] [Server Shutdown Thread/INFO]: Saving players
